1657532532519	geckodriver	INFO	Listening on 127.0.0.1:52231
1657532532563	mozrunner::runner	INFO	Running command: "/usr/bin/firefox" "--marionette" "--remote-debugging-port" "51303" "--remote-allow-hosts" "localhost" "-no-remote" "-profile" "/tmp/rust_mozprofilenZbOUi"
1657532532850	Marionette	INFO	Marionette enabled
1657532532853	Marionette	INFO	Listening on port 39983
WebDriver BiDi listening on ws://localhost:51303
Read port: 39983
1657532532922	RemoteAgent	WARN	TLS certificate errors will be ignored for this session
console.warn: SearchSettings: "get: No settings file exists, new profile?" (new NotFoundError("Could not open the file at /tmp/rust_mozprofilenZbOUi/search.json.mozlz4", (void 0)))
Missing chrome or resource URL: resource://gre/modules/UpdateListener.jsm
Missing chrome or resource URL: resource://gre/modules/UpdateListener.sys.mjs
DevTools listening on ws://localhost:51303/devtools/browser/36b33f36-55e7-4e29-8f88-2b1e62776dce
SourceActor threw an exception: [Exception... "Component returned failure code: 0x80470002 (NS_BASE_STREAM_CLOSED) [nsIInputStream.available]"  nsresult: "0x80470002 (NS_BASE_STREAM_CLOSED)"  location: "JS frame :: resource://devtools/shared/DevToolsUtils.js :: onResponse :: line 596"  data: no]
Stack: onResponse@resource://devtools/shared/DevToolsUtils.js:596:34
onStopRequest@resource://gre/modules/NetUtil.jsm:128:18
Line: 596, column: 0
console.error: ({})
JavaScript error: resource://devtools/shared/DevToolsUtils.js, line 596: NS_BASE_STREAM_CLOSED: Component returned failure code: 0x80470002 (NS_BASE_STREAM_CLOSED) [nsIInputStream.available]
SourceActor threw an exception: Error: Failed to fetch https://www.dofus.com/fr/mmorpg/encyclopedie/ressources. Code 2152398879.
Stack: onResponse@resource://devtools/shared/DevToolsUtils.js:585:16
onStopRequest@resource://gre/modules/NetUtil.jsm:128:18
Line: 585, column: 16
console.error: (new Error("Failed to fetch https://www.dofus.com/fr/mmorpg/encyclopedie/ressources. Code 2152398879.", "resource://devtools/shared/DevToolsUtils.js", 585))
JavaScript error: resource://devtools/shared/DevToolsUtils.js, line 585: Error: Failed to fetch https://www.dofus.com/fr/mmorpg/encyclopedie/ressources. Code 2152398879.
JavaScript error: resource://gre/modules/AsyncShutdown.jsm, line 575: NotFoundError: No such JSWindowActor 'DevToolsFrame'
JavaScript error: resource://gre/modules/AsyncShutdown.jsm, line 575: NotFoundError: No such JSWindowActor 'DevToolsFrame'
Missing chrome or resource URL: resource://gre/modules/UpdateListener.jsm
Missing chrome or resource URL: resource://gre/modules/UpdateListener.sys.mjs
console.error: "Error during quit-application-granted: [Exception... \"File error: Not found\"  nsresult: \"0x80520012 (NS_ERROR_FILE_NOT_FOUND)\"  location: \"JS frame :: resource:///modules/BrowserGlue.jsm :: _onQuitApplicationGranted/tasks< :: line 1996\"  data: no]"
1657533553688	Marionette	INFO	Stopped listening on port 39983
1657533555706	geckodriver	INFO	Listening on 127.0.0.1:37521
1657533555751	mozrunner::runner	INFO	Running command: "/usr/bin/firefox" "--marionette" "--remote-debugging-port" "34565" "--remote-allow-hosts" "localhost" "-no-remote" "-profile" "/tmp/rust_mozprofileO6U3io"
1657533556044	Marionette	INFO	Marionette enabled
1657533556047	Marionette	INFO	Listening on port 39035
WebDriver BiDi listening on ws://localhost:34565
Read port: 39035
1657533556116	RemoteAgent	WARN	TLS certificate errors will be ignored for this session
console.warn: SearchSettings: "get: No settings file exists, new profile?" (new NotFoundError("Could not open the file at /tmp/rust_mozprofileO6U3io/search.json.mozlz4", (void 0)))
Missing chrome or resource URL: resource://gre/modules/UpdateListener.jsm
Missing chrome or resource URL: resource://gre/modules/UpdateListener.sys.mjs
DevTools listening on ws://localhost:34565/devtools/browser/77a504c8-bbf8-4dfe-bc6f-9d0cdf6d8236
Missing chrome or resource URL: resource://gre/modules/UpdateListener.jsm
Missing chrome or resource URL: resource://gre/modules/UpdateListener.sys.mjs
console.error: "Error during quit-application-granted: [Exception... \"File error: Not found\"  nsresult: \"0x80520012 (NS_ERROR_FILE_NOT_FOUND)\"  location: \"JS frame :: resource:///modules/BrowserGlue.jsm :: _onQuitApplicationGranted/tasks< :: line 1996\"  data: no]"
1657533574454	Marionette	INFO	Stopped listening on port 39035
console.warn: TopSitesFeed: Failed to fetch data from Contile server: NetworkError when attempting to fetch resource.
1657534231944	geckodriver	INFO	Listening on 127.0.0.1:32845
1657534231993	mozrunner::runner	INFO	Running command: "/usr/bin/firefox" "--marionette" "--remote-debugging-port" "48783" "--remote-allow-hosts" "localhost" "-no-remote" "-profile" "/tmp/rust_mozprofilev1viNG"
1657534232285	Marionette	INFO	Marionette enabled
1657534232288	Marionette	INFO	Listening on port 42983
WebDriver BiDi listening on ws://localhost:48783
Read port: 42983
1657534232358	RemoteAgent	WARN	TLS certificate errors will be ignored for this session
console.warn: SearchSettings: "get: No settings file exists, new profile?" (new NotFoundError("Could not open the file at /tmp/rust_mozprofilev1viNG/search.json.mozlz4", (void 0)))
Missing chrome or resource URL: resource://gre/modules/UpdateListener.jsm
Missing chrome or resource URL: resource://gre/modules/UpdateListener.sys.mjs
DevTools listening on ws://localhost:48783/devtools/browser/7d437d79-44a6-4ea6-b018-105799590eca
Missing chrome or resource URL: resource://gre/modules/UpdateListener.jsm
Missing chrome or resource URL: resource://gre/modules/UpdateListener.sys.mjs
console.error: "Error during quit-application-granted: [Exception... \"File error: Not found\"  nsresult: \"0x80520012 (NS_ERROR_FILE_NOT_FOUND)\"  location: \"JS frame :: resource:///modules/BrowserGlue.jsm :: _onQuitApplicationGranted/tasks< :: line 1996\"  data: no]"
1657534271268	Marionette	INFO	Stopped listening on port 42983
console.warn: TopSitesFeed: Failed to fetch data from Contile server: NetworkError when attempting to fetch resource.
1657534605714	geckodriver	INFO	Listening on 127.0.0.1:41877
1657534605759	mozrunner::runner	INFO	Running command: "/usr/bin/firefox" "--marionette" "--remote-debugging-port" "49349" "--remote-allow-hosts" "localhost" "-no-remote" "-profile" "/tmp/rust_mozprofileAZDk0h"
1657534606056	Marionette	INFO	Marionette enabled
1657534606059	Marionette	INFO	Listening on port 41533
WebDriver BiDi listening on ws://localhost:49349
Read port: 41533
1657534606281	RemoteAgent	WARN	TLS certificate errors will be ignored for this session
console.warn: SearchSettings: "get: No settings file exists, new profile?" (new NotFoundError("Could not open the file at /tmp/rust_mozprofileAZDk0h/search.json.mozlz4", (void 0)))
Missing chrome or resource URL: resource://gre/modules/UpdateListener.jsm
Missing chrome or resource URL: resource://gre/modules/UpdateListener.sys.mjs
DevTools listening on ws://localhost:49349/devtools/browser/f9120313-496f-4f71-bf79-3d9e3ab91d4e
Missing chrome or resource URL: resource://gre/modules/UpdateListener.jsm
Missing chrome or resource URL: resource://gre/modules/UpdateListener.sys.mjs
console.error: "Error during quit-application-granted: [Exception... \"File error: Not found\"  nsresult: \"0x80520012 (NS_ERROR_FILE_NOT_FOUND)\"  location: \"JS frame :: resource:///modules/BrowserGlue.jsm :: _onQuitApplicationGranted/tasks< :: line 1996\"  data: no]"
1657534638311	Marionette	INFO	Stopped listening on port 41533
console.warn: TopSitesFeed: Failed to fetch data from Contile server: NetworkError when attempting to fetch resource.
Sandbox: Unexpected EOF, op 0 flags 00 path /proc/cpuinfo
1657534648296	geckodriver	INFO	Listening on 127.0.0.1:50441
1657534648340	mozrunner::runner	INFO	Running command: "/usr/bin/firefox" "--marionette" "--remote-debugging-port" "34217" "--remote-allow-hosts" "localhost" "-no-remote" "-profile" "/tmp/rust_mozprofileRiz1zx"
1657534648634	Marionette	INFO	Marionette enabled
1657534648638	Marionette	INFO	Listening on port 41095
Read port: 41095
WebDriver BiDi listening on ws://localhost:34217
1657534648709	RemoteAgent	WARN	TLS certificate errors will be ignored for this session
console.warn: SearchSettings: "get: No settings file exists, new profile?" (new NotFoundError("Could not open the file at /tmp/rust_mozprofileRiz1zx/search.json.mozlz4", (void 0)))
Missing chrome or resource URL: resource://gre/modules/UpdateListener.jsm
Missing chrome or resource URL: resource://gre/modules/UpdateListener.sys.mjs
DevTools listening on ws://localhost:34217/devtools/browser/ef1e5898-3086-478d-8fa9-c341417c64e6
Missing chrome or resource URL: resource://gre/modules/UpdateListener.jsm
Missing chrome or resource URL: resource://gre/modules/UpdateListener.sys.mjs
console.error: "Error during quit-application-granted: [Exception... \"File error: Not found\"  nsresult: \"0x80520012 (NS_ERROR_FILE_NOT_FOUND)\"  location: \"JS frame :: resource:///modules/BrowserGlue.jsm :: _onQuitApplicationGranted/tasks< :: line 1996\"  data: no]"
1657534662964	Marionette	INFO	Stopped listening on port 41095
console.warn: TopSitesFeed: Failed to fetch data from Contile server: NetworkError when attempting to fetch resource.
1657534905613	geckodriver	INFO	Listening on 127.0.0.1:34843
1657534905656	mozrunner::runner	INFO	Running command: "/usr/bin/firefox" "--marionette" "--remote-debugging-port" "54127" "--remote-allow-hosts" "localhost" "-no-remote" "-profile" "/tmp/rust_mozprofileo4zkG9"
1657534905924	Marionette	INFO	Marionette enabled
1657534905926	Marionette	INFO	Listening on port 36181
WebDriver BiDi listening on ws://localhost:54127
Read port: 36181
1657534905992	RemoteAgent	WARN	TLS certificate errors will be ignored for this session
console.warn: SearchSettings: "get: No settings file exists, new profile?" (new NotFoundError("Could not open the file at /tmp/rust_mozprofileo4zkG9/search.json.mozlz4", (void 0)))
Missing chrome or resource URL: resource://gre/modules/UpdateListener.jsm
Missing chrome or resource URL: resource://gre/modules/UpdateListener.sys.mjs
DevTools listening on ws://localhost:54127/devtools/browser/2e3a1b17-7cf1-4077-8a70-08759c7ea57e
1657534913396	Marionette	INFO	Stopped listening on port 36181
Missing chrome or resource URL: resource://gre/modules/UpdateListener.jsm
Missing chrome or resource URL: resource://gre/modules/UpdateListener.sys.mjs
console.error: "Error during quit-application-granted: [Exception... \"File error: Not found\"  nsresult: \"0x80520012 (NS_ERROR_FILE_NOT_FOUND)\"  location: \"JS frame :: resource:///modules/BrowserGlue.jsm :: _onQuitApplicationGranted/tasks< :: line 1996\"  data: no]"
1657534946475	geckodriver	INFO	Listening on 127.0.0.1:52871
1657534946516	mozrunner::runner	INFO	Running command: "/usr/bin/firefox" "--marionette" "--remote-debugging-port" "44187" "--remote-allow-hosts" "localhost" "-no-remote" "-profile" "/tmp/rust_mozprofile4hjji2"
1657534946784	Marionette	INFO	Marionette enabled
1657534946787	Marionette	INFO	Listening on port 41921
WebDriver BiDi listening on ws://localhost:44187
Read port: 41921
1657534946854	RemoteAgent	WARN	TLS certificate errors will be ignored for this session
console.warn: SearchSettings: "get: No settings file exists, new profile?" (new NotFoundError("Could not open the file at /tmp/rust_mozprofile4hjji2/search.json.mozlz4", (void 0)))
Missing chrome or resource URL: resource://gre/modules/UpdateListener.jsm
Missing chrome or resource URL: resource://gre/modules/UpdateListener.sys.mjs
DevTools listening on ws://localhost:44187/devtools/browser/6db73570-e44e-4ab5-b283-6bf167a2ff0a
SourceActor threw an exception: [Exception... "Component returned failure code: 0x80470002 (NS_BASE_STREAM_CLOSED) [nsIInputStream.available]"  nsresult: "0x80470002 (NS_BASE_STREAM_CLOSED)"  location: "JS frame :: resource://devtools/shared/DevToolsUtils.js :: onResponse :: line 596"  data: no]
Stack: onResponse@resource://devtools/shared/DevToolsUtils.js:596:34
onStopRequest@resource://gre/modules/NetUtil.jsm:128:18
Line: 596, column: 0
console.error: ({})
JavaScript error: resource://devtools/shared/DevToolsUtils.js, line 596: NS_BASE_STREAM_CLOSED: Component returned failure code: 0x80470002 (NS_BASE_STREAM_CLOSED) [nsIInputStream.available]
SourceActor threw an exception: Error: Failed to fetch https://www.dofus.com/fr/mmorpg/encyclopedie/ressources. Code 2152398879.
Stack: onResponse@resource://devtools/shared/DevToolsUtils.js:585:16
onStopRequest@resource://gre/modules/NetUtil.jsm:128:18
Line: 585, column: 16
console.error: (new Error("Failed to fetch https://www.dofus.com/fr/mmorpg/encyclopedie/ressources. Code 2152398879.", "resource://devtools/shared/DevToolsUtils.js", 585))
JavaScript error: resource://devtools/shared/DevToolsUtils.js, line 585: Error: Failed to fetch https://www.dofus.com/fr/mmorpg/encyclopedie/ressources. Code 2152398879.
1657535190377	geckodriver	INFO	Listening on 127.0.0.1:44487
1657535190418	mozrunner::runner	INFO	Running command: "/usr/bin/firefox" "--marionette" "--remote-debugging-port" "35521" "--remote-allow-hosts" "localhost" "-no-remote" "-profile" "/tmp/rust_mozprofileEfpYob"
1657535190690	Marionette	INFO	Marionette enabled
1657535190693	Marionette	INFO	Listening on port 44777
WebDriver BiDi listening on ws://localhost:35521
Read port: 44777
1657535190761	RemoteAgent	WARN	TLS certificate errors will be ignored for this session
console.warn: SearchSettings: "get: No settings file exists, new profile?" (new NotFoundError("Could not open the file at /tmp/rust_mozprofileEfpYob/search.json.mozlz4", (void 0)))
Missing chrome or resource URL: resource://gre/modules/UpdateListener.jsm
Missing chrome or resource URL: resource://gre/modules/UpdateListener.sys.mjs
DevTools listening on ws://localhost:35521/devtools/browser/2cb6f98d-53c4-4191-beb5-46917dcd272a
Missing chrome or resource URL: resource://gre/modules/UpdateListener.jsm
Missing chrome or resource URL: resource://gre/modules/UpdateListener.sys.mjs
console.error: "Error during quit-application-granted: [Exception... \"File error: Not found\"  nsresult: \"0x80520012 (NS_ERROR_FILE_NOT_FOUND)\"  location: \"JS frame :: resource:///modules/BrowserGlue.jsm :: _onQuitApplicationGranted/tasks< :: line 1996\"  data: no]"
1657535211947	Marionette	INFO	Stopped listening on port 44777
console.warn: TopSitesFeed: Failed to fetch data from Contile server: NetworkError when attempting to fetch resource.
1657535258877	geckodriver	INFO	Listening on 127.0.0.1:59341
1657535258918	mozrunner::runner	INFO	Running command: "/usr/bin/firefox" "--marionette" "--remote-debugging-port" "47513" "--remote-allow-hosts" "localhost" "-no-remote" "-profile" "/tmp/rust_mozprofile3PuF35"
1657535259192	Marionette	INFO	Marionette enabled
1657535259195	Marionette	INFO	Listening on port 46145
WebDriver BiDi listening on ws://localhost:47513
Read port: 46145
1657535259261	RemoteAgent	WARN	TLS certificate errors will be ignored for this session
console.warn: SearchSettings: "get: No settings file exists, new profile?" (new NotFoundError("Could not open the file at /tmp/rust_mozprofile3PuF35/search.json.mozlz4", (void 0)))
Missing chrome or resource URL: resource://gre/modules/UpdateListener.jsm
Missing chrome or resource URL: resource://gre/modules/UpdateListener.sys.mjs
DevTools listening on ws://localhost:47513/devtools/browser/eaebf698-ccbd-4bbc-8df3-7b2cbd3995ed
1657535408133	geckodriver	INFO	Listening on 127.0.0.1:50937
1657535408173	mozrunner::runner	INFO	Running command: "/usr/bin/firefox" "--marionette" "--remote-debugging-port" "53783" "--remote-allow-hosts" "localhost" "-no-remote" "-profile" "/tmp/rust_mozprofile8hWZXv"
1657535408449	Marionette	INFO	Marionette enabled
1657535408451	Marionette	INFO	Listening on port 40777
WebDriver BiDi listening on ws://localhost:53783
Read port: 40777
1657535408517	RemoteAgent	WARN	TLS certificate errors will be ignored for this session
console.warn: SearchSettings: "get: No settings file exists, new profile?" (new NotFoundError("Could not open the file at /tmp/rust_mozprofile8hWZXv/search.json.mozlz4", (void 0)))
Missing chrome or resource URL: resource://gre/modules/UpdateListener.jsm
Missing chrome or resource URL: resource://gre/modules/UpdateListener.sys.mjs
DevTools listening on ws://localhost:53783/devtools/browser/0af16e26-a70a-46cd-a2d6-145d4dd23bcd
Missing chrome or resource URL: resource://gre/modules/UpdateListener.jsm
Missing chrome or resource URL: resource://gre/modules/UpdateListener.sys.mjs
console.error: "Error during quit-application-granted: [Exception... \"File error: Not found\"  nsresult: \"0x80520012 (NS_ERROR_FILE_NOT_FOUND)\"  location: \"JS frame :: resource:///modules/BrowserGlue.jsm :: _onQuitApplicationGranted/tasks< :: line 1996\"  data: no]"
1657535490613	Marionette	INFO	Stopped listening on port 40777
console.warn: TopSitesFeed: Failed to fetch data from Contile server: NetworkError when attempting to fetch resource.
1657535569360	geckodriver::marionette	ERROR	Failed to close browser connection: Transport endpoint is not connected (os error 107)
1657535608772	geckodriver	INFO	Listening on 127.0.0.1:54713
1657535608813	mozrunner::runner	INFO	Running command: "/usr/bin/firefox" "--marionette" "--remote-debugging-port" "33335" "--remote-allow-hosts" "localhost" "-no-remote" "-profile" "/tmp/rust_mozprofilepLFoMb"
1657535609091	Marionette	INFO	Marionette enabled
1657535609094	Marionette	INFO	Listening on port 46321
WebDriver BiDi listening on ws://localhost:33335
Read port: 46321
1657535609161	RemoteAgent	WARN	TLS certificate errors will be ignored for this session
console.warn: SearchSettings: "get: No settings file exists, new profile?" (new NotFoundError("Could not open the file at /tmp/rust_mozprofilepLFoMb/search.json.mozlz4", (void 0)))
Missing chrome or resource URL: resource://gre/modules/UpdateListener.jsm
Missing chrome or resource URL: resource://gre/modules/UpdateListener.sys.mjs
DevTools listening on ws://localhost:33335/devtools/browser/bd82261a-2b7f-4364-b234-169e2ab1b0e5
JavaScript error: resource://gre/modules/AsyncShutdown.jsm, line 575: NotFoundError: No such JSWindowActor 'DevToolsFrame'
JavaScript error: resource://gre/modules/AsyncShutdown.jsm, line 575: NotFoundError: No such JSWindowActor 'DevToolsFrame'
Missing chrome or resource URL: resource://gre/modules/UpdateListener.jsm
Missing chrome or resource URL: resource://gre/modules/UpdateListener.sys.mjs
console.error: "Error during quit-application-granted: [Exception... \"File error: Not found\"  nsresult: \"0x80520012 (NS_ERROR_FILE_NOT_FOUND)\"  location: \"JS frame :: resource:///modules/BrowserGlue.jsm :: _onQuitApplicationGranted/tasks< :: line 1996\"  data: no]"
1657535862111	Marionette	INFO	Stopped listening on port 41921
Missing chrome or resource URL: resource://gre/modules/UpdateListener.jsm
Missing chrome or resource URL: resource://gre/modules/UpdateListener.sys.mjs
console.error: "Error during quit-application-granted: [Exception... \"File error: Not found\"  nsresult: \"0x80520012 (NS_ERROR_FILE_NOT_FOUND)\"  location: \"JS frame :: resource:///modules/BrowserGlue.jsm :: _onQuitApplicationGranted/tasks< :: line 1996\"  data: no]"
1657535863390	Marionette	INFO	Stopped listening on port 46321
console.warn: TopSitesFeed: Failed to fetch data from Contile server: NetworkError when attempting to fetch resource.
Sandbox: Unexpected EOF, op 0 flags 00 path /proc/cpuinfo
Missing chrome or resource URL: resource://gre/modules/UpdateListener.jsm
Missing chrome or resource URL: resource://gre/modules/UpdateListener.sys.mjs
console.error: "Error during quit-application-granted: [Exception... \"File error: Not found\"  nsresult: \"0x80520012 (NS_ERROR_FILE_NOT_FOUND)\"  location: \"JS frame :: resource:///modules/BrowserGlue.jsm :: _onQuitApplicationGranted/tasks< :: line 1996\"  data: no]"
1657535864221	Marionette	INFO	Stopped listening on port 46145
console.warn: TopSitesFeed: Failed to fetch data from Contile server: NetworkError when attempting to fetch resource.
Sandbox: Unexpected EOF, op 0 flags 00 path /proc/cpuinfo
1657535865934	geckodriver	INFO	Listening on 127.0.0.1:37239
1657535865976	mozrunner::runner	INFO	Running command: "/usr/bin/firefox" "--marionette" "--remote-debugging-port" "45679" "--remote-allow-hosts" "localhost" "-no-remote" "-profile" "/tmp/rust_mozprofile5b2Sgo"
1657535866263	Marionette	INFO	Marionette enabled
1657535866266	Marionette	INFO	Listening on port 39021
WebDriver BiDi listening on ws://localhost:45679
Read port: 39021
1657535866333	RemoteAgent	WARN	TLS certificate errors will be ignored for this session
console.warn: SearchSettings: "get: No settings file exists, new profile?" (new NotFoundError("Could not open the file at /tmp/rust_mozprofile5b2Sgo/search.json.mozlz4", (void 0)))
Missing chrome or resource URL: resource://gre/modules/UpdateListener.jsm
Missing chrome or resource URL: resource://gre/modules/UpdateListener.sys.mjs
DevTools listening on ws://localhost:45679/devtools/browser/625a0b5b-af7c-4a1f-bbba-494fc8bd44f6
Missing chrome or resource URL: resource://gre/modules/UpdateListener.jsm
Missing chrome or resource URL: resource://gre/modules/UpdateListener.sys.mjs
console.error: "Error during quit-application-granted: [Exception... \"File error: Not found\"  nsresult: \"0x80520012 (NS_ERROR_FILE_NOT_FOUND)\"  location: \"JS frame :: resource:///modules/BrowserGlue.jsm :: _onQuitApplicationGranted/tasks< :: line 1996\"  data: no]"
1657535934937	Marionette	INFO	Stopped listening on port 39021
console.warn: TopSitesFeed: Failed to fetch data from Contile server: NetworkError when attempting to fetch resource.
1657536525375	geckodriver	INFO	Listening on 127.0.0.1:49119
1657536525416	mozrunner::runner	INFO	Running command: "/usr/bin/firefox" "--marionette" "--remote-debugging-port" "52431" "--remote-allow-hosts" "localhost" "-no-remote" "-profile" "/tmp/rust_mozprofileuoojNX"
1657536525694	Marionette	INFO	Marionette enabled
1657536525697	Marionette	INFO	Listening on port 43821
WebDriver BiDi listening on ws://localhost:52431
Read port: 43821
1657536525765	RemoteAgent	WARN	TLS certificate errors will be ignored for this session
console.warn: SearchSettings: "get: No settings file exists, new profile?" (new NotFoundError("Could not open the file at /tmp/rust_mozprofileuoojNX/search.json.mozlz4", (void 0)))
Missing chrome or resource URL: resource://gre/modules/UpdateListener.jsm
Missing chrome or resource URL: resource://gre/modules/UpdateListener.sys.mjs
DevTools listening on ws://localhost:52431/devtools/browser/98a73c3c-32ac-455c-8d30-263941dcbc99
1657536558600	geckodriver	INFO	Listening on 127.0.0.1:38059
1657536558641	mozrunner::runner	INFO	Running command: "/usr/bin/firefox" "--marionette" "--remote-debugging-port" "57365" "--remote-allow-hosts" "localhost" "-no-remote" "-profile" "/tmp/rust_mozprofileIaJ675"
1657536558917	Marionette	INFO	Marionette enabled
1657536558920	Marionette	INFO	Listening on port 38363
WebDriver BiDi listening on ws://localhost:57365
Read port: 38363
1657536558988	RemoteAgent	WARN	TLS certificate errors will be ignored for this session
console.warn: SearchSettings: "get: No settings file exists, new profile?" (new NotFoundError("Could not open the file at /tmp/rust_mozprofileIaJ675/search.json.mozlz4", (void 0)))
Missing chrome or resource URL: resource://gre/modules/UpdateListener.jsm
Missing chrome or resource URL: resource://gre/modules/UpdateListener.sys.mjs
DevTools listening on ws://localhost:57365/devtools/browser/acdb5401-7fb1-417f-b4d1-ae4b8cc60578
SourceActor threw an exception: [Exception... "Component returned failure code: 0x80470002 (NS_BASE_STREAM_CLOSED) [nsIInputStream.available]"  nsresult: "0x80470002 (NS_BASE_STREAM_CLOSED)"  location: "JS frame :: resource://devtools/shared/DevToolsUtils.js :: onResponse :: line 596"  data: no]
Stack: onResponse@resource://devtools/shared/DevToolsUtils.js:596:34
onStopRequest@resource://gre/modules/NetUtil.jsm:128:18
Line: 596, column: 0
console.error: ({})
JavaScript error: resource://devtools/shared/DevToolsUtils.js, line 596: NS_BASE_STREAM_CLOSED: Component returned failure code: 0x80470002 (NS_BASE_STREAM_CLOSED) [nsIInputStream.available]
SourceActor threw an exception: Error: Failed to fetch https://www.dofus.com/fr/mmorpg/encyclopedie/ressources. Code 2152398879.
Stack: onResponse@resource://devtools/shared/DevToolsUtils.js:585:16
onStopRequest@resource://gre/modules/NetUtil.jsm:128:18
Line: 585, column: 16
console.error: (new Error("Failed to fetch https://www.dofus.com/fr/mmorpg/encyclopedie/ressources. Code 2152398879.", "resource://devtools/shared/DevToolsUtils.js", 585))
JavaScript error: resource://devtools/shared/DevToolsUtils.js, line 585: Error: Failed to fetch https://www.dofus.com/fr/mmorpg/encyclopedie/ressources. Code 2152398879.
JavaScript error: resource://gre/modules/AsyncShutdown.jsm, line 575: NotFoundError: No such JSWindowActor 'DevToolsFrame'
JavaScript error: resource://gre/modules/AsyncShutdown.jsm, line 575: NotFoundError: No such JSWindowActor 'DevToolsFrame'
Missing chrome or resource URL: resource://gre/modules/UpdateListener.jsm
Missing chrome or resource URL: resource://gre/modules/UpdateListener.sys.mjs
console.error: "Error during quit-application-granted: [Exception... \"File error: Not found\"  nsresult: \"0x80520012 (NS_ERROR_FILE_NOT_FOUND)\"  location: \"JS frame :: resource:///modules/BrowserGlue.jsm :: _onQuitApplicationGranted/tasks< :: line 1996\"  data: no]"
1657536660736	Marionette	INFO	Stopped listening on port 38363
Missing chrome or resource URL: resource://gre/modules/UpdateListener.jsm
Missing chrome or resource URL: resource://gre/modules/UpdateListener.sys.mjs
console.error: "Error during quit-application-granted: [Exception... \"File error: Not found\"  nsresult: \"0x80520012 (NS_ERROR_FILE_NOT_FOUND)\"  location: \"JS frame :: resource:///modules/BrowserGlue.jsm :: _onQuitApplicationGranted/tasks< :: line 1996\"  data: no]"
1657536663002	Marionette	INFO	Stopped listening on port 43821
console.warn: TopSitesFeed: Failed to fetch data from Contile server: NetworkError when attempting to fetch resource.
1657536667875	geckodriver	INFO	Listening on 127.0.0.1:53573
1657536667915	mozrunner::runner	INFO	Running command: "/usr/bin/firefox" "--marionette" "--remote-debugging-port" "46975" "--remote-allow-hosts" "localhost" "-no-remote" "-profile" "/tmp/rust_mozprofile9olaJa"
1657536668189	Marionette	INFO	Marionette enabled
1657536668192	Marionette	INFO	Listening on port 42987
WebDriver BiDi listening on ws://localhost:46975
Read port: 42987
1657536668259	RemoteAgent	WARN	TLS certificate errors will be ignored for this session
console.warn: SearchSettings: "get: No settings file exists, new profile?" (new NotFoundError("Could not open the file at /tmp/rust_mozprofile9olaJa/search.json.mozlz4", (void 0)))
Missing chrome or resource URL: resource://gre/modules/UpdateListener.jsm
Missing chrome or resource URL: resource://gre/modules/UpdateListener.sys.mjs
DevTools listening on ws://localhost:46975/devtools/browser/11a8ea14-16cb-4d33-a8cf-ce3e99f68ef4
1657536704121	geckodriver	INFO	Listening on 127.0.0.1:54011
1657536704160	mozrunner::runner	INFO	Running command: "/usr/bin/firefox" "--marionette" "--remote-debugging-port" "55601" "--remote-allow-hosts" "localhost" "-no-remote" "-profile" "/tmp/rust_mozprofileRt7Yy8"
1657536704434	Marionette	INFO	Marionette enabled
1657536704437	Marionette	INFO	Listening on port 37415
WebDriver BiDi listening on ws://localhost:55601
Read port: 37415
1657536704507	RemoteAgent	WARN	TLS certificate errors will be ignored for this session
console.warn: SearchSettings: "get: No settings file exists, new profile?" (new NotFoundError("Could not open the file at /tmp/rust_mozprofileRt7Yy8/search.json.mozlz4", (void 0)))
Missing chrome or resource URL: resource://gre/modules/UpdateListener.jsm
Missing chrome or resource URL: resource://gre/modules/UpdateListener.sys.mjs
DevTools listening on ws://localhost:55601/devtools/browser/683cc770-e94c-4136-96ab-b6d5f42af6f8
Missing chrome or resource URL: resource://gre/modules/UpdateListener.jsm
Missing chrome or resource URL: resource://gre/modules/UpdateListener.sys.mjs
console.error: "Error during quit-application-granted: [Exception... \"File error: Not found\"  nsresult: \"0x80520012 (NS_ERROR_FILE_NOT_FOUND)\"  location: \"JS frame :: resource:///modules/BrowserGlue.jsm :: _onQuitApplicationGranted/tasks< :: line 1996\"  data: no]"
1657536721532	Marionette	INFO	Stopped listening on port 37415
console.warn: TopSitesFeed: Failed to fetch data from Contile server: NetworkError when attempting to fetch resource.
Sandbox: Unexpected EOF, op 0 flags 00 path /proc/cpuinfo
Missing chrome or resource URL: resource://gre/modules/UpdateListener.jsm
Missing chrome or resource URL: resource://gre/modules/UpdateListener.sys.mjs
console.error: "Error during quit-application-granted: [Exception... \"File error: Not found\"  nsresult: \"0x80520012 (NS_ERROR_FILE_NOT_FOUND)\"  location: \"JS frame :: resource:///modules/BrowserGlue.jsm :: _onQuitApplicationGranted/tasks< :: line 1996\"  data: no]"
1657536725383	Marionette	INFO	Stopped listening on port 42987
console.warn: TopSitesFeed: Failed to fetch data from Contile server: NetworkError when attempting to fetch resource.
1657536978875	geckodriver	INFO	Listening on 127.0.0.1:42743
1657536978917	mozrunner::runner	INFO	Running command: "/usr/bin/firefox" "--marionette" "--remote-debugging-port" "60779" "--remote-allow-hosts" "localhost" "-no-remote" "-profile" "/tmp/rust_mozprofileQrLXjz"
1657536979189	Marionette	INFO	Marionette enabled
1657536979192	Marionette	INFO	Listening on port 46203
WebDriver BiDi listening on ws://localhost:60779
Read port: 46203
1657536979258	RemoteAgent	WARN	TLS certificate errors will be ignored for this session
console.warn: SearchSettings: "get: No settings file exists, new profile?" (new NotFoundError("Could not open the file at /tmp/rust_mozprofileQrLXjz/search.json.mozlz4", (void 0)))
Missing chrome or resource URL: resource://gre/modules/UpdateListener.jsm
Missing chrome or resource URL: resource://gre/modules/UpdateListener.sys.mjs
DevTools listening on ws://localhost:60779/devtools/browser/8651a5a6-026d-4f8b-a4d6-bc58052b1295
Missing chrome or resource URL: resource://gre/modules/UpdateListener.jsm
Missing chrome or resource URL: resource://gre/modules/UpdateListener.sys.mjs
console.error: "Error during quit-application-granted: [Exception... \"File error: Not found\"  nsresult: \"0x80520012 (NS_ERROR_FILE_NOT_FOUND)\"  location: \"JS frame :: resource:///modules/BrowserGlue.jsm :: _onQuitApplicationGranted/tasks< :: line 1996\"  data: no]"
1657536995043	Marionette	INFO	Stopped listening on port 46203
console.warn: TopSitesFeed: Failed to fetch data from Contile server: NetworkError when attempting to fetch resource.
1657537560364	geckodriver	INFO	Listening on 127.0.0.1:57375
1657537560404	mozrunner::runner	INFO	Running command: "/usr/bin/firefox" "--marionette" "--remote-debugging-port" "53121" "--remote-allow-hosts" "localhost" "-no-remote" "-profile" "/tmp/rust_mozprofilehV9QYU"
1657537560677	Marionette	INFO	Marionette enabled
1657537560680	Marionette	INFO	Listening on port 44319
WebDriver BiDi listening on ws://localhost:53121
Read port: 44319
1657537560748	RemoteAgent	WARN	TLS certificate errors will be ignored for this session
console.warn: SearchSettings: "get: No settings file exists, new profile?" (new NotFoundError("Could not open the file at /tmp/rust_mozprofilehV9QYU/search.json.mozlz4", (void 0)))
Missing chrome or resource URL: resource://gre/modules/UpdateListener.jsm
Missing chrome or resource URL: resource://gre/modules/UpdateListener.sys.mjs
DevTools listening on ws://localhost:53121/devtools/browser/d27625ba-f0ac-4346-9d06-85c9636e9bfd
Missing chrome or resource URL: resource://gre/modules/UpdateListener.jsm
Missing chrome or resource URL: resource://gre/modules/UpdateListener.sys.mjs
console.error: "Error during quit-application-granted: [Exception... \"File error: Not found\"  nsresult: \"0x80520012 (NS_ERROR_FILE_NOT_FOUND)\"  location: \"JS frame :: resource:///modules/BrowserGlue.jsm :: _onQuitApplicationGranted/tasks< :: line 1996\"  data: no]"
1657537599121	Marionette	INFO	Stopped listening on port 44319
console.warn: TopSitesFeed: Failed to fetch data from Contile server: NetworkError when attempting to fetch resource.
1657537994051	geckodriver	INFO	Listening on 127.0.0.1:41695
1657537994093	mozrunner::runner	INFO	Running command: "/usr/bin/firefox" "--marionette" "--remote-debugging-port" "51967" "--remote-allow-hosts" "localhost" "-no-remote" "-profile" "/tmp/rust_mozprofiler6yYiK"
1657537994369	Marionette	INFO	Marionette enabled
1657537994371	Marionette	INFO	Listening on port 43103
WebDriver BiDi listening on ws://localhost:51967
Read port: 43103
1657537994438	RemoteAgent	WARN	TLS certificate errors will be ignored for this session
console.warn: SearchSettings: "get: No settings file exists, new profile?" (new NotFoundError("Could not open the file at /tmp/rust_mozprofiler6yYiK/search.json.mozlz4", (void 0)))
Missing chrome or resource URL: resource://gre/modules/UpdateListener.jsm
Missing chrome or resource URL: resource://gre/modules/UpdateListener.sys.mjs
DevTools listening on ws://localhost:51967/devtools/browser/7f14c2db-aadb-457e-9e08-7cdf28ee0436
1657538005756	Marionette	INFO	Stopped listening on port 43103
Missing chrome or resource URL: resource://gre/modules/UpdateListener.jsm
Missing chrome or resource URL: resource://gre/modules/UpdateListener.sys.mjs
console.error: "Error during quit-application-granted: [Exception... \"File error: Not found\"  nsresult: \"0x80520012 (NS_ERROR_FILE_NOT_FOUND)\"  location: \"JS frame :: resource:///modules/BrowserGlue.jsm :: _onQuitApplicationGranted/tasks< :: line 1996\"  data: no]"
1657538018912	geckodriver	INFO	Listening on 127.0.0.1:54907
1657538018950	mozrunner::runner	INFO	Running command: "/usr/bin/firefox" "--marionette" "--remote-debugging-port" "41827" "--remote-allow-hosts" "localhost" "-no-remote" "-profile" "/tmp/rust_mozprofileAAbiEx"
1657538019224	Marionette	INFO	Marionette enabled
1657538019227	Marionette	INFO	Listening on port 34009
WebDriver BiDi listening on ws://localhost:41827
Read port: 34009
1657538019294	RemoteAgent	WARN	TLS certificate errors will be ignored for this session
console.warn: SearchSettings: "get: No settings file exists, new profile?" (new NotFoundError("Could not open the file at /tmp/rust_mozprofileAAbiEx/search.json.mozlz4", (void 0)))
Missing chrome or resource URL: resource://gre/modules/UpdateListener.jsm
Missing chrome or resource URL: resource://gre/modules/UpdateListener.sys.mjs
DevTools listening on ws://localhost:41827/devtools/browser/c0188c59-024d-4f6f-8320-bbede76f7ab0
1657538030516	Marionette	INFO	Stopped listening on port 34009
Missing chrome or resource URL: resource://gre/modules/UpdateListener.jsm
Missing chrome or resource URL: resource://gre/modules/UpdateListener.sys.mjs
console.error: "Error during quit-application-granted: [Exception... \"File error: Not found\"  nsresult: \"0x80520012 (NS_ERROR_FILE_NOT_FOUND)\"  location: \"JS frame :: resource:///modules/BrowserGlue.jsm :: _onQuitApplicationGranted/tasks< :: line 1996\"  data: no]"
